<?xml version="1.0" encoding="UTF-8"?>
<!-- Generated by org.testng.reporters.JUnitReportReporter -->
<testsuite name="com.testng.tests.TestLoginApp" tests="1" time="15.257" ignored="0" failures="0" timestamp="05 Oct 2018 02:36:26 GMT" skipped="0" hostname="LP-CND5160BZR" errors="0">
  <testcase name="testLogin" time="15.257" classname="com.testng.tests.TestLoginApp"/>
</testsuite> <!-- com.testng.tests.TestLoginApp -->
