<?xml version="1.0" encoding="UTF-8"?>
<!-- Generated by org.testng.reporters.JUnitReportReporter -->
<testsuite name="com.testng.tests.InfiniteLoopTest" tests="2" time="0.021" ignored="0" failures="0" timestamp="04 Oct 2018 02:12:08 GMT" skipped="0" hostname="LP-CND5160BZR" errors="1">
  <testcase name="infiniteLoop" time="0.013" classname="com.testng.tests.InfiniteLoopTest">
    <error type="org.testng.internal.thread.ThreadTimeoutException" message="Method com.testng.tests.InfiniteLoopTest.infiniteLoop() didn&#039;t finish within the time-out 2">
      <![CDATA[org.testng.internal.thread.ThreadTimeoutException: Method com.testng.tests.InfiniteLoopTest.infiniteLoop() didn't finish within the time-out 2
	at sun.nio.cs.SingleByte$Encoder.encodeLoop(SingleByte.java:219)
	at java.nio.charset.CharsetEncoder.encode(CharsetEncoder.java:579)
	at sun.nio.cs.StreamEncoder.implWrite(StreamEncoder.java:271)
	at sun.nio.cs.StreamEncoder.write(StreamEncoder.java:125)
	at java.io.OutputStreamWriter.write(OutputStreamWriter.java:207)
	at java.io.BufferedWriter.flushBuffer(BufferedWriter.java:129)
	at java.io.PrintStream.newLine(PrintStream.java:545)
	at java.io.PrintStream.println(PrintStream.java:807)
	at com.testng.tests.InfiniteLoopTest.infiniteLoop(InfiniteLoopTest.java:13)
	at sun.reflect.NativeMethodAccessorImpl.invoke0(Native Method)
	at sun.reflect.NativeMethodAccessorImpl.invoke(NativeMethodAccessorImpl.java:62)
	at sun.reflect.DelegatingMethodAccessorImpl.invoke(DelegatingMethodAccessorImpl.java:43)
	at java.lang.reflect.Method.invoke(Method.java:498)
	at org.testng.internal.MethodInvocationHelper.invokeMethod(MethodInvocationHelper.java:104)
	at org.testng.internal.InvokeMethodRunnable.runOne(InvokeMethodRunnable.java:54)
	at org.testng.internal.InvokeMethodRunnable.run(InvokeMethodRunnable.java:40)
	at java.util.concurrent.Executors$RunnableAdapter.call(Executors.java:511)
	at java.util.concurrent.FutureTask.run(FutureTask.java:266)
	at java.util.concurrent.ThreadPoolExecutor.runWorker(ThreadPoolExecutor.java:1149)
	at java.util.concurrent.ThreadPoolExecutor$Worker.run(ThreadPoolExecutor.java:624)
	at java.lang.Thread.run(Thread.java:748)
]]>
    </error>
  </testcase> <!-- infiniteLoop -->
  <testcase name="numberFormat" time="0.008" classname="com.testng.tests.InfiniteLoopTest"/>
</testsuite> <!-- com.testng.tests.InfiniteLoopTest -->
