<?xml version="1.0" encoding="UTF-8"?>
<!-- Generated by org.testng.reporters.JUnitReportReporter -->
<testsuite name="com.expedia.Testcases.VerifyExpediaLogin" tests="1" time="47.779" ignored="0" failures="0" timestamp="15 Apr 2018 12:02:23 GMT" skipped="0" hostname="LP-CND5160BZR" errors="0">
  <testcase name="verifyLogin" time="47.779" classname="com.expedia.Testcases.VerifyExpediaLogin"/>
</testsuite> <!-- com.expedia.Testcases.VerifyExpediaLogin -->
