<?xml version="1.0" encoding="UTF-8"?>
<!-- Generated by org.testng.reporters.JUnitReportReporter -->
<testsuite name="com.testng.tests.UrlTest" tests="1" time="10.524" ignored="0" failures="0" timestamp="12 Oct 2018 02:33:35 GMT" skipped="0" hostname="LP-CND5160BZR" errors="0">
  <testcase name="wrongUrlTest" time="10.524" classname="com.testng.tests.UrlTest"/>
</testsuite> <!-- com.testng.tests.UrlTest -->
