<?xml version="1.0" encoding="UTF-8"?>
<!-- Generated by org.testng.reporters.JUnitReportReporter -->
<testsuite name="com.testng.tests.ParametersTestLoginApp" tests="1" time="123.362" ignored="0" failures="0" timestamp="06 Oct 2018 16:36:26 GMT" skipped="0" hostname="LP-CND5160BZR" errors="0">
  <testcase name="testLogin" time="123.362" classname="com.testng.tests.ParametersTestLoginApp"/>
</testsuite> <!-- com.testng.tests.ParametersTestLoginApp -->
