<?xml version="1.0" encoding="UTF-8"?>
<!-- Generated by org.testng.reporters.JUnitReportReporter -->
<testsuite name="com.testng.part2.TestngGropusTest" tests="4" time="0.035" ignored="2" failures="0" timestamp="12 Oct 2018 04:25:20 GMT" skipped="0" hostname="LP-CND5160BZR" errors="0">
  <testcase name="Car1" time="0.024" classname="com.testng.part2.TestngGropusTest"/>
  <testcase name="car3" time="0.002" classname="com.testng.part2.TestngGropusTest"/>
  <testcase name="Sedan1" time="0.003" classname="com.testng.part2.TestngGropusTest"/>
  <testcase name="Car2" time="0.006" classname="com.testng.part2.TestngGropusTest"/>
  <testcase name="Scooter1" classname="com.testng.part2.TestngGropusTest">
    <skipped/>
  </testcase> <!-- Scooter1 -->
  <testcase name="Scooter2" classname="com.testng.part2.TestngGropusTest">
    <skipped/>
  </testcase> <!-- Scooter2 -->
</testsuite> <!-- com.testng.part2.TestngGropusTest -->
