<?xml version="1.0" encoding="UTF-8"?>
<!-- Generated by org.testng.reporters.JUnitReportReporter -->
<testsuite name="com.testng.part2.TestngIncludeTag" tests="2" time="0.025" ignored="3" failures="0" timestamp="12 Oct 2018 04:16:27 GMT" skipped="0" hostname="LP-CND5160BZR" errors="0">
  <testcase name="b" time="0.021" classname="com.testng.part2.TestngIncludeTag"/>
  <testcase name="e" time="0.004" classname="com.testng.part2.TestngIncludeTag"/>
  <testcase name="a" classname="com.testng.part2.TestngIncludeTag">
    <skipped/>
  </testcase> <!-- a -->
  <testcase name="d" classname="com.testng.part2.TestngIncludeTag">
    <skipped/>
  </testcase> <!-- d -->
  <testcase name="c" classname="com.testng.part2.TestngIncludeTag">
    <skipped/>
  </testcase> <!-- c -->
</testsuite> <!-- com.testng.part2.TestngIncludeTag -->
