<?xml version="1.0" encoding="UTF-8"?>
<!-- Generated by org.testng.reporters.JUnitReportReporter -->
<testsuite name="com.testng.tests.InvocationCountTest" tests="5" time="0.028" ignored="0" failures="0" timestamp="04 Oct 2018 02:12:08 GMT" skipped="0" hostname="LP-CND5160BZR" errors="0">
  <testcase name="invocationCountTest" time="0.000" classname="com.testng.tests.InvocationCountTest"/>
  <testcase name="invocationCountTest" time="0.008" classname="com.testng.tests.InvocationCountTest"/>
  <testcase name="invocationCountTest" time="0.000" classname="com.testng.tests.InvocationCountTest"/>
  <testcase name="invocationCountTest" time="0.004" classname="com.testng.tests.InvocationCountTest"/>
  <testcase name="invocationCountTest" time="0.016" classname="com.testng.tests.InvocationCountTest"/>
</testsuite> <!-- com.testng.tests.InvocationCountTest -->
