<?xml version="1.0" encoding="UTF-8"?>
<!-- Generated by org.testng.reporters.JUnitReportReporter -->
<testsuite name="com.testng.tests.KhadarTest" tests="1" time="0.000" ignored="0" failures="0" timestamp="04 Oct 2018 02:12:08 GMT" skipped="0" hostname="LP-CND5160BZR" errors="0">
  <testcase name="realTest" time="0.000" classname="com.testng.tests.KhadarTest"/>
</testsuite> <!-- com.testng.tests.KhadarTest -->
